[07-03 09:50:18] === quant_loop started pid=62240 ===
[07-03 09:50:21]   settle: done: 0 settled, 7 still open
[07-03 09:50:22]   shortcycle: AUTH ERROR: KALSHI_API_KEY_ID / KALSHI_PRIVATE_KEY_PATH not set. Create an API key at kalshi.com -> Account -> API Keys, save the .pem, then set both environment variables (see README '真钱交易配置').
[07-03 09:50:23]   weather: AUTH ERROR: KALSHI_API_KEY_ID / KALSHI_PRIVATE_KEY_PATH not set. Create an API key at kalshi.com -> Account -> API Keys, save the .pem, then set both environment variables (see README '真钱交易配置').
[07-03 09:51:03] === quant_loop started pid=64588 ===
[07-03 09:58:11] === quant_loop started pid=56340 ===
[07-03 10:05:21]   settle: SETTLED KXBTCD-26JUL0312-T61799.99: result=yes LOSS pnl=$-0.22
[07-03 10:05:21]   settle: done: 1 settled, 6 still open
[07-03 10:05:25]   shortcycle: shortcycle: 11 candidate strikes | balance $7.91 | today spent $0.00/2.00
[07-03 10:05:25]   shortcycle: LIVE  KXBTCD-26JUL0313-T61699.99: NO x1 @ 13.0c cost=$0.14 q_model=0.79 vs mkt=0.88 tau=54.6m order=b7f9de3e-2932-48fa-b49e-eba496097117
[07-03 10:05:25]   shortcycle: LIVE  KXBTCD-26JUL0313-T61599.99: NO x2 @ 6.0c cost=$0.13 q_model=0.88 vs mkt=0.94 tau=54.6m order=44762e8d-5959-4d8b-a888-6af71e7cda94
[07-03 10:05:25]   shortcycle: PASS  KXBTCD-26JUL0313-T62199.99: edge below bar at crossed price 0.120
[07-03 10:05:25]   shortcycle: done: 2 shortcycle orders
[07-03 10:05:29]   weather: WARN KXHIGHAUS: station keyword 'Camp Mabry' not in rules - skipping city
[07-03 10:05:29]   weather: weather: 15 priced buckets | spent $0.76/1.00
[07-03 10:05:29]   weather: LIVE  KXHIGHNY-26JUL03-B100.5: NO x1 @ 35.0c cost=$0.37 q_model=0.32 vs mkt=0.66 mu=102.0F sigma=1.3 order=5658425f-9cc3-49a8-b277-34e405b0ad71
[07-03 10:05:29]   weather: budget: weather daily budget reached
[07-03 10:05:29]   weather: done: 1 weather orders
[07-03 10:05:30]   journal: journal written: realized today $-0.22, 1 settled, 10 fills
[07-03 10:05:32]   report: wrote reports\report_2026-07-03.md
